.:
access.log
Área de Trabalho
aula1noite
Documentos
Downloads
examples.desktop
gustavo.labso.meutrabalho
Imagens
labso.2019.trab.av1
Modelos
Música
Público
segunda
Vídeos

./Área de Trabalho:

./aula1noite:
1semestre
2semestre
3semestre
4
4semestre
5semestre
readme.txt
semestre

./aula1noite/1semestre:

./aula1noite/2semestre:

./aula1noite/3semestre:

./aula1noite/4:

./aula1noite/4semestre:
estru2
readme.txt

./aula1noite/4semestre/estru2:

./aula1noite/5semestre:
labSO

./aula1noite/5semestre/labSO:

./aula1noite/semestre:

./Documentos:

./Downloads:

./gustavo.labso.meutrabalho:
pasta1
pasta2
pasta3
README.md
trabalho1.2019
ultimocomando.txt

./gustavo.labso.meutrabalho/pasta1:

./gustavo.labso.meutrabalho/pasta2:

./gustavo.labso.meutrabalho/pasta3:

./Imagens:

./labso.2019.trab.av1:
instrucao.txt
README.md
trabalho1.2019
ultimocomando.txt

./Modelos:

./Música:

./Público:

./segunda:
aula1

./segunda/aula1:
ola.py

./Vídeos:
